#
# There is insufficient memory for the Java Runtime Environment to continue.
# Native memory allocation (malloc) failed to allocate 32744 bytes for ChunkPool::allocate
# Possible reasons:
#   The system is out of physical RAM or swap space
#   The process is running with CompressedOops enabled, and the Java Heap may be blocking the growth of the native heap
# Possible solutions:
#   Reduce memory load on the system
#   Increase physical memory or swap space
#   Check if swap backing store is full
#   Decrease Java heap size (-Xmx/-Xms)
#   Decrease number of Java threads
#   Decrease Java thread stack sizes (-Xss)
#   Set larger code cache with -XX:ReservedCodeCacheSize=
#   JVM is running with Zero Based Compressed Oops mode in which the Java heap is
#     placed in the first 32GB address space. The Java Heap base address is the
#     maximum limit for the native heap growth. Please use -XX:HeapBaseMinAddress
#     to set the Java Heap base and to place the Java Heap above 32GB virtual address.
# This output file may be truncated or incomplete.
#
#  Out of Memory Error (allocation.cpp:272), pid=15580, tid=0x000000000000235c
#
# JRE version: Java(TM) SE Runtime Environment (8.0_381) (build 1.8.0_381-b09)
# Java VM: Java HotSpot(TM) 64-Bit Server VM (25.381-b09 mixed mode windows-amd64 compressed oops)
# Failed to write core dump. Minidumps are not enabled by default on client versions of Windows
#

---------------  T H R E A D  ---------------

Current thread (0x0000023fb7370800):  JavaThread "C1 CompilerThread10" daemon [_thread_in_vm, id=9052, stack(0x0000008aa6d00000,0x0000008aa6e00000)]

Stack: [0x0000008aa6d00000,0x0000008aa6e00000]
Native frames: (J=compiled Java code, j=interpreted, Vv=VM code, C=native code)
V  [jvm.dll+0x353039]
V  [jvm.dll+0x290052]
V  [jvm.dll+0x290c1d]
V  [jvm.dll+0x285255]
V  [jvm.dll+0xdbe71]
V  [jvm.dll+0xdc1cc]
V  [jvm.dll+0x48d3c]
V  [jvm.dll+0x34512]
V  [jvm.dll+0xb0676]
V  [jvm.dll+0xaee3f]
V  [jvm.dll+0x251602]
V  [jvm.dll+0x2accec]
C  [ucrtbase.dll+0x29333]
C  [KERNEL32.DLL+0x1257d]
C  [ntdll.dll+0x5aa48]


Current CompileTask:
C1:  14989 5507       1       org.springframework.beans.factory.config.ConstructorArgumentValues$ValueHolder::getValue (5 bytes)


---------------  P R O C E S S  ---------------

Java Threads: ( => current thread )
  0x0000023fb74cd800 JavaThread "RMI TCP Connection(idle)" daemon [_thread_blocked, id=19200, stack(0x0000008aa8400000,0x0000008aa8500000)]
  0x0000023fb74cc800 JavaThread "RMI TCP Connection(16)-192.168.234.1" daemon [_thread_in_native, id=1156, stack(0x0000008aa8300000,0x0000008aa8400000)]
  0x0000023fb74cb000 JavaThread "File Watcher" daemon [_thread_blocked, id=35032, stack(0x0000008aa8200000,0x0000008aa8300000)]
  0x0000023fb74ca800 JavaThread "RMI TCP Connection(14)-192.168.234.1" daemon [_thread_in_native, id=23332, stack(0x0000008aa8100000,0x0000008aa8200000)]
  0x0000023fb74c9800 JavaThread "spring.cloud.inetutils" daemon [_thread_in_native, id=19096, stack(0x0000008aa8000000,0x0000008aa8100000)]
  0x0000023fb74cc000 JavaThread "RMI TCP Connection(12)-192.168.234.1" daemon [_thread_in_native, id=42904, stack(0x0000008aa7f00000,0x0000008aa8000000)]
  0x0000023fb74c9000 JavaThread "RMI TCP Connection(10)-192.168.234.1" daemon [_thread_in_native, id=42944, stack(0x0000008aa7e00000,0x0000008aa7f00000)]
  0x0000023fb74c0000 JavaThread "mysql-cj-abandoned-connection-cleanup" daemon [_thread_blocked, id=16268, stack(0x0000008aa7d00000,0x0000008aa7e00000)]
  0x0000023fb74c6800 JavaThread "container-0" [_thread_blocked, id=40496, stack(0x0000008aa7c00000,0x0000008aa7d00000)]
  0x0000023fb74c6000 JavaThread "Catalina-utility-2" [_thread_blocked, id=22604, stack(0x0000008aa7b00000,0x0000008aa7c00000)]
  0x0000023fb74be800 JavaThread "Catalina-utility-1" [_thread_blocked, id=36636, stack(0x0000008aa7700000,0x0000008aa7800000)]
  0x0000023fb74c2000 JavaThread "RMI TCP Connection(8)-192.168.234.1" daemon [_thread_in_native, id=16228, stack(0x0000008aa7400000,0x0000008aa7500000)]
  0x0000023fb74c8000 JavaThread "RMI TCP Connection(6)-192.168.234.1" daemon [_thread_in_native, id=29316, stack(0x0000008aa7a00000,0x0000008aa7b00000)]
  0x0000023fb74bf000 JavaThread "RMI TCP Connection(4)-192.168.234.1" daemon [_thread_in_native, id=28452, stack(0x0000008aa7800000,0x0000008aa7900000)]
  0x0000023fb74c4800 JavaThread "RMI Scheduler(0)" daemon [_thread_blocked, id=18988, stack(0x0000008aa7600000,0x0000008aa7700000)]
  0x0000023fb74c1800 JavaThread "RMI TCP Connection(2)-192.168.234.1" daemon [_thread_in_native, id=18284, stack(0x0000008aa7500000,0x0000008aa7600000)]
  0x0000023fb74c3800 JavaThread "restartedMain" [_thread_in_vm, id=43728, stack(0x0000008aa7300000,0x0000008aa7400000)]
  0x0000023fb74c0800 JavaThread "Thread-1" [_thread_blocked, id=24588, stack(0x0000008aa7200000,0x0000008aa7300000)]
  0x0000023fb74c5000 JavaThread "RMI TCP Accept-0" daemon [_thread_in_native, id=28368, stack(0x0000008aa7000000,0x0000008aa7100000)]
  0x0000023fb74c3000 JavaThread "Service Thread" daemon [_thread_blocked, id=37616, stack(0x0000008aa6f00000,0x0000008aa7000000)]
  0x0000023fb7370000 JavaThread "C1 CompilerThread11" daemon [_thread_blocked, id=43168, stack(0x0000008aa6e00000,0x0000008aa6f00000)]
=>0x0000023fb7370800 JavaThread "C1 CompilerThread10" daemon [_thread_in_vm, id=9052, stack(0x0000008aa6d00000,0x0000008aa6e00000)]
  0x0000023fb7376000 JavaThread "C1 CompilerThread9" daemon [_thread_blocked, id=19128, stack(0x0000008aa6c00000,0x0000008aa6d00000)]
  0x0000023fb7375800 JavaThread "C1 CompilerThread8" daemon [_thread_blocked, id=23300, stack(0x0000008aa6b00000,0x0000008aa6c00000)]
  0x0000023fb7374800 JavaThread "C2 CompilerThread7" daemon [_thread_blocked, id=10660, stack(0x0000008aa6a00000,0x0000008aa6b00000)]
  0x0000023fb7373000 JavaThread "C2 CompilerThread6" daemon [_thread_blocked, id=38792, stack(0x0000008aa6900000,0x0000008aa6a00000)]
  0x0000023fb7372800 JavaThread "C2 CompilerThread5" daemon [_thread_blocked, id=28036, stack(0x0000008aa6800000,0x0000008aa6900000)]
  0x0000023fb7374000 JavaThread "C2 CompilerThread4" daemon [_thread_blocked, id=41336, stack(0x0000008aa6700000,0x0000008aa6800000)]
  0x0000023fb7371800 JavaThread "C2 CompilerThread3" daemon [_thread_blocked, id=19184, stack(0x0000008aa6600000,0x0000008aa6700000)]
  0x0000023fb737d800 JavaThread "C2 CompilerThread2" daemon [_thread_blocked, id=33628, stack(0x0000008aa6500000,0x0000008aa6600000)]
  0x0000023fb737c800 JavaThread "C2 CompilerThread1" daemon [_thread_blocked, id=25080, stack(0x0000008aa6400000,0x0000008aa6500000)]
  0x0000023fb7379000 JavaThread "C2 CompilerThread0" daemon [_thread_blocked, id=27548, stack(0x0000008aa6300000,0x0000008aa6400000)]
  0x0000023fb736f000 JavaThread "Monitor Ctrl-Break" daemon [_thread_in_native, id=4996, stack(0x0000008aa6200000,0x0000008aa6300000)]
  0x0000023fb5db1800 JavaThread "Attach Listener" daemon [_thread_blocked, id=43012, stack(0x0000008aa6100000,0x0000008aa6200000)]
  0x0000023fb5dae800 JavaThread "Signal Dispatcher" daemon [_thread_blocked, id=24148, stack(0x0000008aa6000000,0x0000008aa6100000)]
  0x0000023f9a4b7800 JavaThread "Finalizer" daemon [_thread_blocked, id=17808, stack(0x0000008aa5f00000,0x0000008aa6000000)]
  0x0000023fb3ffe800 JavaThread "Reference Handler" daemon [_thread_blocked, id=2196, stack(0x0000008aa5e00000,0x0000008aa5f00000)]
  0x0000023f9a42a000 JavaThread "main" [_thread_blocked, id=30988, stack(0x0000008aa4f00000,0x0000008aa5000000)]

Other Threads:
  0x0000023fb5d11800 VMThread [stack: 0x0000008aa5d00000,0x0000008aa5e00000] [id=7212]
  0x0000023fb772f000 WatcherThread [stack: 0x0000008aa7100000,0x0000008aa7200000] [id=26100]

VM state:not at safepoint (normal execution)

VM Mutex/Monitor currently owned by a thread: None

heap address: 0x00000006e2400000, size: 3548 MB, Compressed Oops mode: Zero based, Oop shift amount: 3
Narrow klass base: 0x0000000000000000, Narrow klass shift: 3
Compressed class space size: 1073741824 Address: 0x00000007c0000000

Heap:
 PSYoungGen      total 430592K, used 148416K [0x0000000776180000, 0x0000000792280000, 0x00000007c0000000)
  eden space 416256K, 32% used [0x0000000776180000,0x000000077e474c60,0x000000078f800000)
  from space 14336K, 99% used [0x0000000791480000,0x000000079227b718,0x0000000792280000)
  to   space 17920K, 0% used [0x000000078ff80000,0x000000078ff80000,0x0000000791100000)
 ParOldGen       total 86528K, used 22833K [0x00000006e2400000, 0x00000006e7880000, 0x0000000776180000)
  object space 86528K, 26% used [0x00000006e2400000,0x00000006e3a4c588,0x00000006e7880000)
 Metaspace       used 48388K, capacity 51606K, committed 51712K, reserved 1093632K
  class space    used 6789K, capacity 7404K, committed 7424K, reserved 1048576K

Card table byte_map: [0x0000023fab2c0000,0x0000023fab9b0000] byte_map_base: 0x0000023fa7bae000

Marking Bits: (ParMarkBitMap*) 0x00007ffc7bd96040
 Begin Bits: [0x0000023fabe50000, 0x0000023faf5c0000)
 End Bits:   [0x0000023faf5c0000, 0x0000023fb2d30000)

Polling page: 0x0000023f9a390000

CodeCache: size=245760Kb used=12606Kb max_used=12606Kb free=233153Kb
 bounds [0x0000023f9bf00000, 0x0000023f9cb60000, 0x0000023faaf00000]
 total_blobs=5972 nmethods=5477 adapters=404
 compilation: enabled

Compilation events (10 events):
Event: 14.942 Thread 0x0000023fb7375800 nmethod 5502 0x0000023f9cb283d0 code [0x0000023f9cb28520, 0x0000023f9cb28638]
Event: 14.942 Thread 0x0000023fb7376000 nmethod 5503 0x0000023f9cb286d0 code [0x0000023f9cb28820, 0x0000023f9cb28938]
Event: 14.942 Thread 0x0000023fb7370000 nmethod 5500 0x0000023f9cb289d0 code [0x0000023f9cb28b60, 0x0000023f9cb28e00]
Event: 14.943 Thread 0x0000023fb7370800 nmethod 5501 0x0000023f9cb28fd0 code [0x0000023f9cb29380, 0x0000023f9cb2a780]
Event: 14.950 Thread 0x0000023fb7375800 5504       1       org.springframework.core.LocalVariableTableParameterNameDiscoverer$LocalVariableTableVisitor::visitLocalVariable (45 bytes)
Event: 14.950 Thread 0x0000023fb7376000 5505       1       org.springframework.asm.ClassReader::readCode (5085 bytes)
Event: 14.950 Thread 0x0000023fb7375800 nmethod 5504 0x0000023f9cb2c110 code [0x0000023f9cb2c280, 0x0000023f9cb2c478]
Event: 14.954 Thread 0x0000023fb7370000 5506       1       org.springframework.context.expression.StandardBeanExpressionResolver$1::isTemplate (2 bytes)
Event: 14.954 Thread 0x0000023fb7370000 nmethod 5506 0x0000023f9cb2c610 code [0x0000023f9cb2c760, 0x0000023f9cb2c878]
Event: 14.963 Thread 0x0000023fb7370800 5507       1       org.springframework.beans.factory.config.ConstructorArgumentValues$ValueHolder::getValue (5 bytes)

GC Heap History (10 events):
Event: 6.819 GC heap before
{Heap before GC invocations=6 (full 1):
 PSYoungGen      total 123904K, used 114688K [0x0000000776180000, 0x000000077e380000, 0x00000007c0000000)
  eden space 114688K, 100% used [0x0000000776180000,0x000000077d180000,0x000000077d180000)
  from space 9216K, 0% used [0x000000077da80000,0x000000077da80000,0x000000077e380000)
  to   space 9216K, 0% used [0x000000077d180000,0x000000077d180000,0x000000077da80000)
 ParOldGen       total 67584K, used 6258K [0x00000006e2400000, 0x00000006e6600000, 0x0000000776180000)
  object space 67584K, 9% used [0x00000006e2400000,0x00000006e2a1ca40,0x00000006e6600000)
 Metaspace       used 26333K, capacity 27460K, committed 27648K, reserved 1073152K
  class space    used 3575K, capacity 3822K, committed 3840K, reserved 1048576K
Event: 6.825 GC heap after
Heap after GC invocations=6 (full 1):
 PSYoungGen      total 123904K, used 9214K [0x0000000776180000, 0x0000000785500000, 0x00000007c0000000)
  eden space 114688K, 0% used [0x0000000776180000,0x0000000776180000,0x000000077d180000)
  from space 9216K, 99% used [0x000000077d180000,0x000000077da7fb50,0x000000077da80000)
  to   space 12288K, 0% used [0x0000000784900000,0x0000000784900000,0x0000000785500000)
 ParOldGen       total 67584K, used 7347K [0x00000006e2400000, 0x00000006e6600000, 0x0000000776180000)
  object space 67584K, 10% used [0x00000006e2400000,0x00000006e2b2cf70,0x00000006e6600000)
 Metaspace       used 26333K, capacity 27460K, committed 27648K, reserved 1073152K
  class space    used 3575K, capacity 3822K, committed 3840K, reserved 1048576K
}
Event: 7.452 GC heap before
{Heap before GC invocations=7 (full 1):
 PSYoungGen      total 123904K, used 123902K [0x0000000776180000, 0x0000000785500000, 0x00000007c0000000)
  eden space 114688K, 100% used [0x0000000776180000,0x000000077d180000,0x000000077d180000)
  from space 9216K, 99% used [0x000000077d180000,0x000000077da7fb50,0x000000077da80000)
  to   space 12288K, 0% used [0x0000000784900000,0x0000000784900000,0x0000000785500000)
 ParOldGen       total 67584K, used 7347K [0x00000006e2400000, 0x00000006e6600000, 0x0000000776180000)
  object space 67584K, 10% used [0x00000006e2400000,0x00000006e2b2cf70,0x00000006e6600000)
 Metaspace       used 29535K, capacity 30830K, committed 30976K, reserved 1075200K
  class space    used 4088K, capacity 4351K, committed 4352K, reserved 1048576K
Event: 7.464 GC heap after
Heap after GC invocations=7 (full 1):
 PSYoungGen      total 235520K, used 11740K [0x0000000776180000, 0x0000000785580000, 0x00000007c0000000)
  eden space 223232K, 0% used [0x0000000776180000,0x0000000776180000,0x0000000783b80000)
  from space 12288K, 95% used [0x0000000784900000,0x0000000785477108,0x0000000785500000)
  to   space 13312K, 0% used [0x0000000783b80000,0x0000000783b80000,0x0000000784880000)
 ParOldGen       total 67584K, used 7355K [0x00000006e2400000, 0x00000006e6600000, 0x0000000776180000)
  object space 67584K, 10% used [0x00000006e2400000,0x00000006e2b2ef70,0x00000006e6600000)
 Metaspace       used 29535K, capacity 30830K, committed 30976K, reserved 1075200K
  class space    used 4088K, capacity 4351K, committed 4352K, reserved 1048576K
}
Event: 8.117 GC heap before
{Heap before GC invocations=8 (full 1):
 PSYoungGen      total 235520K, used 90154K [0x0000000776180000, 0x0000000785580000, 0x00000007c0000000)
  eden space 223232K, 35% used [0x0000000776180000,0x000000077ae13ad8,0x0000000783b80000)
  from space 12288K, 95% used [0x0000000784900000,0x0000000785477108,0x0000000785500000)
  to   space 13312K, 0% used [0x0000000783b80000,0x0000000783b80000,0x0000000784880000)
 ParOldGen       total 67584K, used 7355K [0x00000006e2400000, 0x00000006e6600000, 0x0000000776180000)
  object space 67584K, 10% used [0x00000006e2400000,0x00000006e2b2ef70,0x00000006e6600000)
 Metaspace       used 33493K, capacity 35326K, committed 35416K, reserved 1079296K
  class space    used 4691K, capacity 5043K, committed 5120K, reserved 1048576K
Event: 8.126 GC heap after
Heap after GC invocations=8 (full 1):
 PSYoungGen      total 236544K, used 13036K [0x0000000776180000, 0x0000000792280000, 0x00000007c0000000)
  eden space 223232K, 0% used [0x0000000776180000,0x0000000776180000,0x0000000783b80000)
  from space 13312K, 97% used [0x0000000783b80000,0x000000078483b0c8,0x0000000784880000)
  to   space 14336K, 0% used [0x0000000791480000,0x0000000791480000,0x0000000792280000)
 ParOldGen       total 67584K, used 7363K [0x00000006e2400000, 0x00000006e6600000, 0x0000000776180000)
  object space 67584K, 10% used [0x00000006e2400000,0x00000006e2b30f70,0x00000006e6600000)
 Metaspace       used 33493K, capacity 35326K, committed 35416K, reserved 1079296K
  class space    used 4691K, capacity 5043K, committed 5120K, reserved 1048576K
}
Event: 8.126 GC heap before
{Heap before GC invocations=9 (full 2):
 PSYoungGen      total 236544K, used 13036K [0x0000000776180000, 0x0000000792280000, 0x00000007c0000000)
  eden space 223232K, 0% used [0x0000000776180000,0x0000000776180000,0x0000000783b80000)
  from space 13312K, 97% used [0x0000000783b80000,0x000000078483b0c8,0x0000000784880000)
  to   space 14336K, 0% used [0x0000000791480000,0x0000000791480000,0x0000000792280000)
 ParOldGen       total 67584K, used 7363K [0x00000006e2400000, 0x00000006e6600000, 0x0000000776180000)
  object space 67584K, 10% used [0x00000006e2400000,0x00000006e2b30f70,0x00000006e6600000)
 Metaspace       used 33493K, capacity 35326K, committed 35416K, reserved 1079296K
  class space    used 4691K, capacity 5043K, committed 5120K, reserved 1048576K
Event: 8.195 GC heap after
Heap after GC invocations=9 (full 2):
 PSYoungGen      total 236544K, used 0K [0x0000000776180000, 0x0000000792280000, 0x00000007c0000000)
  eden space 223232K, 0% used [0x0000000776180000,0x0000000776180000,0x0000000783b80000)
  from space 13312K, 0% used [0x0000000783b80000,0x0000000783b80000,0x0000000784880000)
  to   space 14336K, 0% used [0x0000000791480000,0x0000000791480000,0x0000000792280000)
 ParOldGen       total 86528K, used 18260K [0x00000006e2400000, 0x00000006e7880000, 0x0000000776180000)
  object space 86528K, 21% used [0x00000006e2400000,0x00000006e35d5150,0x00000006e7880000)
 Metaspace       used 33493K, capacity 35326K, committed 35416K, reserved 1079296K
  class space    used 4691K, capacity 5043K, committed 5120K, reserved 1048576K
}
Event: 11.001 GC heap before
{Heap before GC invocations=10 (full 2):
 PSYoungGen      total 236544K, used 223232K [0x0000000776180000, 0x0000000792280000, 0x00000007c0000000)
  eden space 223232K, 100% used [0x0000000776180000,0x0000000783b80000,0x0000000783b80000)
  from space 13312K, 0% used [0x0000000783b80000,0x0000000783b80000,0x0000000784880000)
  to   space 14336K, 0% used [0x0000000791480000,0x0000000791480000,0x0000000792280000)
 ParOldGen       total 86528K, used 18260K [0x00000006e2400000, 0x00000006e7880000, 0x0000000776180000)
  object space 86528K, 21% used [0x00000006e2400000,0x00000006e35d5150,0x00000006e7880000)
 Metaspace       used 45184K, capacity 47888K, committed 48000K, reserved 1091584K
  class space    used 6276K, capacity 6784K, committed 6784K, reserved 1048576K
Event: 11.021 GC heap after
Heap after GC invocations=10 (full 2):
 PSYoungGen      total 430592K, used 14317K [0x0000000776180000, 0x0000000792280000, 0x00000007c0000000)
  eden space 416256K, 0% used [0x0000000776180000,0x0000000776180000,0x000000078f800000)
  from space 14336K, 99% used [0x0000000791480000,0x000000079227b718,0x0000000792280000)
  to   space 17920K, 0% used [0x000000078ff80000,0x000000078ff80000,0x0000000791100000)
 ParOldGen       total 86528K, used 22833K [0x00000006e2400000, 0x00000006e7880000, 0x0000000776180000)
  object space 86528K, 26% used [0x00000006e2400000,0x00000006e3a4c588,0x00000006e7880000)
 Metaspace       used 45184K, capacity 47888K, committed 48000K, reserved 1091584K
  class space    used 6276K, capacity 6784K, committed 6784K, reserved 1048576K
}

Deoptimization events (0 events):
No events

Classes redefined (0 events):
No events

Internal exceptions (10 events):
Event: 14.939 Thread 0x0000023fb74c3800 Exception <a 'java/lang/ClassNotFoundException': org/springframework/context/SmartLifecycleCustomizer> (0x000000077d981a50) thrown at [C:\jenkins\workspace\8-2-build-windows-x64-cygwin-sans-NAS\jdk8u381\237\hotspot\src\share\vm\classfile\systemDictionary.
Event: 14.940 Thread 0x0000023fb74c3800 Exception <a 'java/lang/ClassNotFoundException': org/springframework/context/LifecycleCustomizer> (0x000000077d9a6d58) thrown at [C:\jenkins\workspace\8-2-build-windows-x64-cygwin-sans-NAS\jdk8u381\237\hotspot\src\share\vm\classfile\systemDictionary.cpp, 
Event: 14.941 Thread 0x0000023fb74c3800 Exception <a 'java/lang/ClassNotFoundException': org/springframework/context/PhasedCustomizer> (0x000000077d9c9eb8) thrown at [C:\jenkins\workspace\8-2-build-windows-x64-cygwin-sans-NAS\jdk8u381\237\hotspot\src\share\vm\classfile\systemDictionary.cpp, lin
Event: 14.941 Thread 0x0000023fb74c3800 Exception <a 'java/lang/ClassNotFoundException': org/springframework/beans/factory/DisposableBeanCustomizer> (0x000000077d9f2398) thrown at [C:\jenkins\workspace\8-2-build-windows-x64-cygwin-sans-NAS\jdk8u381\237\hotspot\src\share\vm\classfile\systemDicti
Event: 14.956 Thread 0x0000023fb74c3800 Exception <a 'java/lang/ClassNotFoundException': java/lang/ObjectCustomizer> (0x000000077db18e50) thrown at [C:\jenkins\workspace\8-2-build-windows-x64-cygwin-sans-NAS\jdk8u381\237\hotspot\src\share\vm\classfile\systemDictionary.cpp, line 213]
Event: 14.957 Thread 0x0000023fb74c3800 Exception <a 'java/lang/ClassNotFoundException': org/springframework/messaging/handler/annotation/support/DefaultMessageHandlerMethodFactoryCustomizer> (0x000000077db5a6f8) thrown at [C:\jenkins\workspace\8-2-build-windows-x64-cygwin-sans-NAS\jdk8u381\237
Event: 14.958 Thread 0x0000023fb74c3800 Exception <a 'java/lang/ClassNotFoundException': org/springframework/messaging/handler/annotation/support/MessageHandlerMethodFactoryCustomizer> (0x000000077dba4298) thrown at [C:\jenkins\workspace\8-2-build-windows-x64-cygwin-sans-NAS\jdk8u381\237\hotspo
Event: 14.959 Thread 0x0000023fb74c3800 Exception <a 'java/lang/ClassNotFoundException': org/springframework/beans/factory/BeanFactoryAwareCustomizer> (0x000000077dbce8f8) thrown at [C:\jenkins\workspace\8-2-build-windows-x64-cygwin-sans-NAS\jdk8u381\237\hotspot\src\share\vm\classfile\systemDic
Event: 14.959 Thread 0x0000023fb74c3800 Exception <a 'java/lang/ClassNotFoundException': org/springframework/beans/factory/AwareCustomizer> (0x000000077dbf36e8) thrown at [C:\jenkins\workspace\8-2-build-windows-x64-cygwin-sans-NAS\jdk8u381\237\hotspot\src\share\vm\classfile\systemDictionary.cpp
Event: 14.960 Thread 0x0000023fb74c3800 Exception <a 'java/lang/ClassNotFoundException': org/springframework/beans/factory/InitializingBeanCustomizer> (0x000000077dc1cd08) thrown at [C:\jenkins\workspace\8-2-build-windows-x64-cygwin-sans-NAS\jdk8u381\237\hotspot\src\share\vm\classfile\systemDic

Events (10 events):
Event: 14.959 loading class org/springframework/beans/factory/AwareCustomizer
Event: 14.959 loading class org/springframework/beans/factory/AwareCustomizer done
Event: 14.960 loading class org/springframework/beans/factory/InitializingBeanCustomizer
Event: 14.960 loading class org/springframework/beans/factory/InitializingBeanCustomizer done
Event: 14.960 loading class org/springframework/beans/factory/InitializingBeanCustomizer
Event: 14.960 loading class org/springframework/beans/factory/InitializingBeanCustomizer done
Event: 14.960 loading class org/springframework/beans/factory/InitializingBeanCustomizer
Event: 14.960 loading class org/springframework/beans/factory/InitializingBeanCustomizer done
Event: 14.963 loading class org/springframework/beans/factory/UnsatisfiedDependencyException
Event: 14.963 loading class org/springframework/beans/factory/UnsatisfiedDependencyException done


Dynamic libraries:
0x00007ff7f0d50000 - 0x00007ff7f0d9a000 	C:\Program Files\Java\jdk-1.8\bin\java.exe
0x00007ffcc7570000 - 0x00007ffcc7786000 	C:\WINDOWS\SYSTEM32\ntdll.dll
0x00007ffcc5da0000 - 0x00007ffcc5e64000 	C:\WINDOWS\System32\KERNEL32.DLL
0x00007ffcc4d50000 - 0x00007ffcc50f7000 	C:\WINDOWS\System32\KERNELBASE.dll
0x00007ffcc5a10000 - 0x00007ffcc5ac2000 	C:\WINDOWS\System32\ADVAPI32.dll
0x00007ffcc5320000 - 0x00007ffcc53c7000 	C:\WINDOWS\System32\msvcrt.dll
0x00007ffcc71c0000 - 0x00007ffcc7268000 	C:\WINDOWS\System32\sechost.dll
0x00007ffcc5100000 - 0x00007ffcc5128000 	C:\WINDOWS\System32\bcrypt.dll
0x00007ffcc6500000 - 0x00007ffcc6615000 	C:\WINDOWS\System32\RPCRT4.dll
0x00007ffcc5800000 - 0x00007ffcc59ae000 	C:\WINDOWS\System32\USER32.dll
0x00007ffcc5130000 - 0x00007ffcc5156000 	C:\WINDOWS\System32\win32u.dll
0x00007ffcc6e80000 - 0x00007ffcc6ea9000 	C:\WINDOWS\System32\GDI32.dll
0x00007ffcc4a00000 - 0x00007ffcc4b19000 	C:\WINDOWS\System32\gdi32full.dll
0x00007ffcc4cb0000 - 0x00007ffcc4d4a000 	C:\WINDOWS\System32\msvcp_win.dll
0x00007ffcc4b20000 - 0x00007ffcc4c31000 	C:\WINDOWS\System32\ucrtbase.dll
0x00007ffcb3560000 - 0x00007ffcb37f3000 	C:\WINDOWS\WinSxS\amd64_microsoft.windows.common-controls_6595b64144ccf1df_6.0.22621.3235_none_270f74e173860f98\COMCTL32.dll
0x00007ffcc59b0000 - 0x00007ffcc59e1000 	C:\WINDOWS\System32\IMM32.DLL
0x00007ffc9c850000 - 0x00007ffc9c86b000 	C:\Program Files\Java\jdk-1.8\jre\bin\vcruntime140.dll
0x00007ffcaea50000 - 0x00007ffcaea5c000 	C:\Program Files\Java\jdk-1.8\jre\bin\vcruntime140_1.dll
0x00007ffc81e80000 - 0x00007ffc81f0e000 	C:\Program Files\Java\jdk-1.8\jre\bin\msvcp140.dll
0x00007ffc7b560000 - 0x00007ffc7be10000 	C:\Program Files\Java\jdk-1.8\jre\bin\server\jvm.dll
0x00007ffcc5310000 - 0x00007ffcc5318000 	C:\WINDOWS\System32\PSAPI.DLL
0x00007ffcbcfc0000 - 0x00007ffcbcfca000 	C:\WINDOWS\SYSTEM32\VERSION.dll
0x00007ffcbd780000 - 0x00007ffcbd7b4000 	C:\WINDOWS\SYSTEM32\WINMM.dll
0x00007ffcc13e0000 - 0x00007ffcc13e9000 	C:\WINDOWS\SYSTEM32\WSOCK32.dll
0x00007ffcc6480000 - 0x00007ffcc64f1000 	C:\WINDOWS\System32\WS2_32.dll
0x00007ffcc39d0000 - 0x00007ffcc39e8000 	C:\WINDOWS\SYSTEM32\kernel.appcore.dll
0x00007ffcad120000 - 0x00007ffcad130000 	C:\Program Files\Java\jdk-1.8\jre\bin\verify.dll
0x00007ffc9c6e0000 - 0x00007ffc9c70b000 	C:\Program Files\Java\jdk-1.8\jre\bin\java.dll
0x00007ffc9c710000 - 0x00007ffc9c744000 	C:\Program Files\Java\jdk-1.8\jre\bin\instrument.dll
0x00007ffc9c6c0000 - 0x00007ffc9c6d8000 	C:\Program Files\Java\jdk-1.8\jre\bin\zip.dll
0x00007ffcc6620000 - 0x00007ffcc6e7c000 	C:\WINDOWS\System32\SHELL32.dll
0x00007ffcc2820000 - 0x00007ffcc3119000 	C:\WINDOWS\SYSTEM32\windows.storage.dll
0x00007ffcc53d0000 - 0x00007ffcc5758000 	C:\WINDOWS\System32\combase.dll
0x00007ffcc26e0000 - 0x00007ffcc281e000 	C:\WINDOWS\SYSTEM32\wintypes.dll
0x00007ffcc7270000 - 0x00007ffcc7363000 	C:\WINDOWS\System32\SHCORE.dll
0x00007ffcc5bd0000 - 0x00007ffcc5c2e000 	C:\WINDOWS\System32\shlwapi.dll
0x00007ffcc47c0000 - 0x00007ffcc47e1000 	C:\WINDOWS\SYSTEM32\profapi.dll
0x00007ffc9c570000 - 0x00007ffc9c58a000 	D:\APP\IDEA\IntelliJ IDEA 2023.2.2\bin\breakgen64.dll
0x00007ffc9c5b0000 - 0x00007ffc9c5cc000 	C:\Program Files\Java\jdk-1.8\jre\bin\net.dll
0x00007ffcc3e40000 - 0x00007ffcc3ea9000 	C:\WINDOWS\system32\mswsock.dll
0x00007ffcc3460000 - 0x00007ffcc3559000 	C:\WINDOWS\SYSTEM32\DNSAPI.dll
0x00007ffcc33f0000 - 0x00007ffcc341d000 	C:\WINDOWS\SYSTEM32\IPHLPAPI.DLL
0x00007ffcc5c30000 - 0x00007ffcc5c39000 	C:\WINDOWS\System32\NSI.dll
0x00007ffcbb740000 - 0x00007ffcbb74a000 	C:\Windows\System32\rasadhlp.dll
0x00007ffcbd140000 - 0x00007ffcbd1c3000 	C:\WINDOWS\System32\fwpuclnt.dll
0x00007ffcbed60000 - 0x00007ffcbed6d000 	C:\Program Files\Java\jdk-1.8\jre\bin\management.dll
0x00007ffc9c230000 - 0x00007ffc9c243000 	C:\Program Files\Java\jdk-1.8\jre\bin\nio.dll
0x00007ffcc40a0000 - 0x00007ffcc40bb000 	C:\WINDOWS\SYSTEM32\CRYPTSP.dll
0x00007ffcc3930000 - 0x00007ffcc3965000 	C:\WINDOWS\system32\rsaenh.dll
0x00007ffcc3f30000 - 0x00007ffcc3f58000 	C:\WINDOWS\SYSTEM32\USERENV.dll
0x00007ffcc5220000 - 0x00007ffcc5299000 	C:\WINDOWS\System32\bcryptprimitives.dll
0x00007ffcc4090000 - 0x00007ffcc409c000 	C:\WINDOWS\SYSTEM32\CRYPTBASE.dll
0x00007ffcbe7a0000 - 0x00007ffcbe7b9000 	C:\WINDOWS\SYSTEM32\dhcpcsvc6.DLL
0x00007ffcbdfa0000 - 0x00007ffcbdfbf000 	C:\WINDOWS\SYSTEM32\dhcpcsvc.DLL
0x00007ffc980f0000 - 0x00007ffc98107000 	C:\WINDOWS\system32\napinsp.dll
0x00007ffc980d0000 - 0x00007ffc980eb000 	C:\WINDOWS\system32\pnrpnsp.dll
0x00007ffc98040000 - 0x00007ffc98051000 	C:\WINDOWS\System32\winrnr.dll
0x00007ffcbd060000 - 0x00007ffcbd075000 	C:\WINDOWS\system32\wshbth.dll
0x00007ffc97ff0000 - 0x00007ffc98011000 	C:\WINDOWS\system32\nlansp_c.dll
0x00007ffc9c540000 - 0x00007ffc9c565000 	C:\Program Files\Java\jdk-1.8\jre\bin\sunec.dll
0x00007ffcbbd70000 - 0x00007ffcbbfa3000 	C:\WINDOWS\SYSTEM32\dbghelp.dll
0x00007ffcc5af0000 - 0x00007ffcc5bc7000 	C:\WINDOWS\System32\OLEAUT32.dll

VM Arguments:
jvm_args: -XX:TieredStopAtLevel=1 -Xverify:none -Dspring.output.ansi.enabled=always -Dcom.sun.management.jmxremote -Dspring.jmx.enabled=true -Dspring.liveBeansView.mbeanDomain -Dspring.application.admin.enabled=true -Dmanagement.endpoints.jmx.exposure.include=* -javaagent:D:\APP\IDEA\IntelliJ IDEA 2023.2.2\lib\idea_rt.jar=50884:D:\APP\IDEA\IntelliJ IDEA 2023.2.2\bin -Dfile.encoding=UTF-8 
java_command: com.neusoft.cartMyApplication10400
java_class_path (initial): C:\Program Files\Java\jdk-1.8\jre\lib\charsets.jar;C:\Program Files\Java\jdk-1.8\jre\lib\deploy.jar;C:\Program Files\Java\jdk-1.8\jre\lib\ext\access-bridge-64.jar;C:\Program Files\Java\jdk-1.8\jre\lib\ext\cldrdata.jar;C:\Program Files\Java\jdk-1.8\jre\lib\ext\dnsns.jar;C:\Program Files\Java\jdk-1.8\jre\lib\ext\jaccess.jar;C:\Program Files\Java\jdk-1.8\jre\lib\ext\jfxrt.jar;C:\Program Files\Java\jdk-1.8\jre\lib\ext\localedata.jar;C:\Program Files\Java\jdk-1.8\jre\lib\ext\nashorn.jar;C:\Program Files\Java\jdk-1.8\jre\lib\ext\sunec.jar;C:\Program Files\Java\jdk-1.8\jre\lib\ext\sunjce_provider.jar;C:\Program Files\Java\jdk-1.8\jre\lib\ext\sunmscapi.jar;C:\Program Files\Java\jdk-1.8\jre\lib\ext\sunpkcs11.jar;C:\Program Files\Java\jdk-1.8\jre\lib\ext\zipfs.jar;C:\Program Files\Java\jdk-1.8\jre\lib\javaws.jar;C:\Program Files\Java\jdk-1.8\jre\lib\jce.jar;C:\Program Files\Java\jdk-1.8\jre\lib\jfr.jar;C:\Program Files\Java\jdk-1.8\jre\lib\jfxswt.jar;C:\Program Files\Java\jdk-1.8\jre\lib\jsse.jar;C:\Program Files\Java\jdk-1.8\jre\lib\management-agent.jar;C:\Program Files\Java\jdk-1.8\jre\lib\plugin.jar;C:\Program Files\Java\jdk-1.8\jre\lib\resources.jar;C:\Program Files\Java\jdk-1.8\jre\lib\rt.jar;D:\Project\ELM_SpringCloud_Backend\cart_server_10400\target\classes;D:\APP\Maven\repository\org\springframework\cloud\spring-cloud-bus\2.2.3.RELEASE\spring-cloud-bus-2.2.3.RELEASE.jar;D:\APP\Maven\repository\org\springframework\cloud\spring-cloud-starter\2.2.6.RELEASE\spring-cloud-starter-2.2.6.RELEASE.jar;D:\APP\Maven\repository\org\springframework\cloud\spring-cloud-context\2.2.6.RELEASE\spring-cloud-context-2.2.6.RELEASE.jar;D:\APP\Maven\repository\org\springframework\security\spring-security-crypto\5.3.4.RELEASE\spring-security-crypto-5.3.4.RELEASE.jar;D:\APP\Maven\repository\org\springframework\cloud\spring-cloud-commons\2.2.6.RELEASE\spring-cloud-commons-2.2.6.RELEASE.jar;D:\APP\Maven\repository\org\springframework\security\spring-security-rsa\1.0.
Launcher Type: SUN_STANDARD

Environment Variables:
JAVA_HOME=C:\Program Files\Java\jdk-1.8
PATH=D:\APP\VMware\bin\;C:\Program Files (x86)\Common Files\Oracle\Java\javapath;C:\Program Files\NVIDIA GPU Computing Toolkit\CUDA\v12.2\bin;C:\Program Files\NVIDIA GPU Computing Toolkit\CUDA\v12.2\libnvvp;C:\WINDOWS\system32;C:\WINDOWS;C:\WINDOWS\System32\Wbem;C:\WINDOWS\System32\WindowsPowerShell\v1.0\;C:\WINDOWS\System32\OpenSSH\;C:\Program Files\Bandizip\;C:\Users\14505\AppData\Local\Programs\Python\Python311\;C:\Users\14505\AppData\Local\Programs\Python\Python311\Scripts\;C:\Program Files (x86)\NVIDIA Corporation\PhysX\Common;D:\APP\Git\Git\cmd;C:\Program Files\NVIDIA Corporation\Nsight Compute 2023.2.1\;C:\Program Files\NVIDIA Corporation\NVIDIA NvDLISR;C:\Program Files\MySQL\MySQL Server 8.0\bin;C:\Program Files\Redis\;C:\Program Files\Java\jdk-1.8\bin;D:\APP\Maven\apache-maven-3.9.4\bin;D:\APP\major\major\bin;D:\APP\putty\;D:\APP\Node\;C:\ProgramData\chocolatey\bin;D:\APP\Miniconda;D:\APP\Miniconda\Library\mingw-w64\bin;D:\APP\Miniconda\Library\usr\bin;D:\APP\Miniconda\Library\bin;D:\APP\Miniconda\Scripts;C:\Users\14505\AppData\Local\Programs\Python\Python311\Scripts\;C:\Users\14505\AppData\Local\Programs\Python\Python311\;C:\Users\14505\AppData\Local\Microsoft\WindowsApps;D:\APP\VSC\Microsoft VS Code\bin;D:\APP\PyCharm\PyCharm Community Edition 2023.2\bin;;D:\APP\WebStorm\WebStorm 2023.2.2\bin;;D:\APP\IDEA\IntelliJ IDEA 2023.2.2\bin;;C:\Users\14505\AppData\Local\GitHubDesktop\bin;C:\Users\14505\AppData\Local\Pandoc\;D:\APP\PyCharm\PyCharm 2023.3.4\bin;;C:\Users\14505\AppData\Roaming\npm
USERNAME=14505
OS=Windows_NT
PROCESSOR_IDENTIFIER=AMD64 Family 25 Model 80 Stepping 0, AuthenticAMD



---------------  S Y S T E M  ---------------

OS: Windows 11 , 64 bit Build 22621 (10.0.22621.3374)

CPU:total 16 (initial active 16) (16 cores per cpu, 1 threads per core) family 25 model 80 stepping 0, cmov, cx8, fxsr, mmx, sse, sse2, sse3, ssse3, sse4.1, sse4.2, popcnt, avx, avx2, aes, clmul, erms, mmxext, 3dnowpref, lzcnt, sse4a, tsc, tscinvbit, tscinv, bmi1

Memory: 4k page, physical 14528572k(307508k free), swap 40742968k(224k free)

vm_info: Java HotSpot(TM) 64-Bit Server VM (25.381-b09) for windows-amd64 JRE (1.8.0_381-b09), built on Jun 14 2023 13:50:38 by "java_re" with MS VC++ 17.1 (VS2022)

time: Sun Apr 14 00:18:05 2024
timezone: AMD64 Family 25 Model 80 Stepping 0, AuthenticAMD
elapsed time: 14.997302 seconds (0d 0h 0m 14s)

